# JRE version: Java(TM) SE Runtime Environment (21.0+35) (build 21+35-LTS-2513)
# Java VM: Java HotSpot(TM) 64-Bit Server VM (21+35-LTS-2513, mixed mode, sharing, tiered, compressed oops, compressed class ptrs, g1 gc, windows-amd64)
GC Precious Log:
 CardTable entry size: 512
 Card Set container configuration: InlinePtr #cards 5 size 8 Array Of Cards #cards 12 size 40 Howl #buckets 4 coarsen threshold 1843 Howl Bitmap #cards 512 size 80 coarsen threshold 460 Card regions per heap region 1 cards per card region 2048
 CPUs: 8 total, 8 available
 Memory: 7926M
 Large Page Support: Disabled
 NUMA Support: Disabled
 Compressed Oops: Enabled (32-bit)
 Heap Region Size: 1M
 Heap Min Capacity: 8M
 Heap Initial Capacity: 124M
 Heap Max Capacity: 1982M
 Pre-touch: Disabled
 Parallel Workers: 8
 Concurrent Workers: 2
 Concurrent Refinement Workers: 8
 Periodic GC: Disabled
Heap:
 garbage-first heap   total 365568K, used 184320K [0x0000000084200000, 0x0000000100000000)
  region size 1024K, 17 young (17408K), 17 survivors (17408K)
 Metaspace       used 99659K, committed 100352K, reserved 1179648K
  class space    used 12295K, committed 12608K, reserved 1048576K
GC Heap History (20 events):
Event: 9273.729 GC heap after
{Heap after GC invocations=187 (full 0):
 garbage-first heap   total 512000K, used 151456K [0x0000000084200000, 0x0000000100000000)
  region size 1024K, 37 young (37888K), 37 survivors (37888K)
 Metaspace       used 99225K, committed 99904K, reserved 1179648K
  class space    used 12253K, committed 12608K, reserved 1048576K
}
Event: 9273.873 GC heap before
{Heap before GC invocations=187 (full 0):
 garbage-first heap   total 512000K, used 160672K [0x0000000084200000, 0x0000000100000000)
  region size 1024K, 47 young (48128K), 37 survivors (37888K)
 Metaspace       used 99225K, committed 99904K, reserved 1179648K
  class space    used 12253K, committed 12608K, reserved 1048576K
}
Event: 9273.894 GC heap after
{Heap after GC invocations=188 (full 0):
 garbage-first heap   total 512000K, used 132096K [0x0000000084200000, 0x0000000100000000)
  region size 1024K, 4 young (4096K), 4 survivors (4096K)
 Metaspace       used 99225K, committed 99904K, reserved 1179648K
  class space    used 12253K, committed 12608K, reserved 1048576K
}
Event: 9367.732 GC heap before
{Heap before GC invocations=189 (full 0):
 garbage-first heap   total 358400K, used 310272K [0x0000000084200000, 0x0000000100000000)
  region size 1024K, 210 young (215040K), 4 survivors (4096K)
 Metaspace       used 99340K, committed 100032K, reserved 1179648K
  class space    used 12262K, committed 12608K, reserved 1048576K
}
Event: 9367.833 GC heap after
{Heap after GC invocations=190 (full 0):
 garbage-first heap   total 358400K, used 136192K [0x0000000084200000, 0x0000000100000000)
  region size 1024K, 27 young (27648K), 27 survivors (27648K)
 Metaspace       used 99340K, committed 100032K, reserved 1179648K
  class space    used 12262K, committed 12608K, reserved 1048576K
}
Event: 9368.477 GC heap before
{Heap before GC invocations=190 (full 0):
 garbage-first heap   total 358400K, used 293888K [0x0000000084200000, 0x0000000100000000)
  region size 1024K, 178 young (182272K), 27 survivors (27648K)
 Metaspace       used 99343K, committed 100032K, reserved 1179648K
  class space    used 12262K, committed 12608K, reserved 1048576K
}
Event: 9368.549 GC heap after
{Heap after GC invocations=191 (full 0):
 garbage-first heap   total 358400K, used 137216K [0x0000000084200000, 0x0000000100000000)
  region size 1024K, 23 young (23552K), 23 survivors (23552K)
 Metaspace       used 99343K, committed 100032K, reserved 1179648K
  class space    used 12262K, committed 12608K, reserved 1048576K
}
Event: 9368.703 GC heap before
{Heap before GC invocations=191 (full 0):
 garbage-first heap   total 358400K, used 161792K [0x0000000084200000, 0x0000000100000000)
  region size 1024K, 48 young (49152K), 23 survivors (23552K)
 Metaspace       used 99343K, committed 100032K, reserved 1179648K
  class space    used 12262K, committed 12608K, reserved 1048576K
}
Event: 9368.739 GC heap after
{Heap after GC invocations=192 (full 0):
 garbage-first heap   total 358400K, used 141701K [0x0000000084200000, 0x0000000100000000)
  region size 1024K, 11 young (11264K), 11 survivors (11264K)
 Metaspace       used 99343K, committed 100032K, reserved 1179648K
  class space    used 12262K, committed 12608K, reserved 1048576K
}
Event: 9369.419 GC heap before
{Heap before GC invocations=193 (full 0):
 garbage-first heap   total 358400K, used 263557K [0x0000000084200000, 0x0000000100000000)
  region size 1024K, 153 young (156672K), 11 survivors (11264K)
 Metaspace       used 99343K, committed 100032K, reserved 1179648K
  class space    used 12262K, committed 12608K, reserved 1048576K
}
Event: 9369.498 GC heap after
{Heap after GC invocations=194 (full 0):
 garbage-first heap   total 358400K, used 149369K [0x0000000084200000, 0x0000000100000000)
  region size 1024K, 20 young (20480K), 20 survivors (20480K)
 Metaspace       used 99343K, committed 100032K, reserved 1179648K
  class space    used 12262K, committed 12608K, reserved 1048576K
}
Event: 9511.697 GC heap before
{Heap before GC invocations=194 (full 0):
 garbage-first heap   total 358400K, used 286585K [0x0000000084200000, 0x0000000100000000)
  region size 1024K, 155 young (158720K), 20 survivors (20480K)
 Metaspace       used 99600K, committed 100288K, reserved 1179648K
  class space    used 12294K, committed 12608K, reserved 1048576K
}
Event: 9512.002 GC heap after
{Heap after GC invocations=195 (full 0):
 garbage-first heap   total 358400K, used 130433K [0x0000000084200000, 0x0000000100000000)
  region size 1024K, 12 young (12288K), 12 survivors (12288K)
 Metaspace       used 99600K, committed 100288K, reserved 1179648K
  class space    used 12294K, committed 12608K, reserved 1048576K
}
Event: 9700.524 GC heap before
{Heap before GC invocations=195 (full 0):
 garbage-first heap   total 358400K, used 288129K [0x0000000084200000, 0x0000000100000000)
  region size 1024K, 166 young (169984K), 12 survivors (12288K)
 Metaspace       used 99632K, committed 100352K, reserved 1179648K
  class space    used 12295K, committed 12608K, reserved 1048576K
}
Event: 9700.620 GC heap after
{Heap after GC invocations=196 (full 0):
 garbage-first heap   total 358400K, used 146432K [0x0000000084200000, 0x0000000100000000)
  region size 1024K, 21 young (21504K), 21 survivors (21504K)
 Metaspace       used 99632K, committed 100352K, reserved 1179648K
  class space    used 12295K, committed 12608K, reserved 1048576K
}
Event: 9701.340 GC heap before
{Heap before GC invocations=197 (full 0):
 garbage-first heap   total 365568K, used 266240K [0x0000000084200000, 0x0000000100000000)
  region size 1024K, 165 young (168960K), 21 survivors (21504K)
 Metaspace       used 99640K, committed 100352K, reserved 1179648K
  class space    used 12295K, committed 12608K, reserved 1048576K
}
Event: 9701.446 GC heap after
{Heap after GC invocations=198 (full 0):
 garbage-first heap   total 365568K, used 151386K [0x0000000084200000, 0x0000000100000000)
  region size 1024K, 21 young (21504K), 21 survivors (21504K)
 Metaspace       used 99640K, committed 100352K, reserved 1179648K
  class space    used 12295K, committed 12608K, reserved 1048576K
}
Event: 9701.501 GC heap before
{Heap before GC invocations=198 (full 0):
 garbage-first heap   total 365568K, used 175962K [0x0000000084200000, 0x0000000100000000)
  region size 1024K, 44 young (45056K), 21 survivors (21504K)
 Metaspace       used 99640K, committed 100352K, reserved 1179648K
  class space    used 12295K, committed 12608K, reserved 1048576K
}
Event: 9701.565 GC heap after
{Heap after GC invocations=199 (full 0):
 garbage-first heap   total 365568K, used 157696K [0x0000000084200000, 0x0000000100000000)
  region size 1024K, 6 young (6144K), 6 survivors (6144K)
 Metaspace       used 99640K, committed 100352K, reserved 1179648K
  class space    used 12295K, committed 12608K, reserved 1048576K
}
Event: 9701.865 GC heap before
{Heap before GC invocations=199 (full 0):
 garbage-first heap   total 365568K, used 289792K [0x0000000084200000, 0x0000000100000000)
  region size 1024K, 134 young (137216K), 6 survivors (6144K)
 Metaspace       used 99659K, committed 100352K, reserved 1179648K
  class space    used 12295K, committed 12608K, reserved 1048576K
}

